<?xml version="1.0" encoding="UTF-8"?>
<testng-results ignored="0" total="2" passed="2" failed="0" skipped="0">
  <reporter-output>
  </reporter-output>
  <suite started-at="2022-12-08T12:40:51 IST" name="Suite" finished-at="2022-12-08T12:43:19 IST" duration-ms="148056">
    <groups>
    </groups>
    <test started-at="2022-12-08T12:40:51 IST" name="Test Chrome" finished-at="2022-12-08T12:41:45 IST" duration-ms="53941">
      <class name="com.qa.testscripts.TC_Flipkartsearch">
        <test-method is-config="true" signature="setUp(java.lang.String,java.lang.String)[pri:0, instance:com.qa.testscripts.TC_Flipkartsearch@13e39c73]" started-at="2022-12-08T12:40:51 IST" name="setUp" finished-at="2022-12-08T12:41:36 IST" duration-ms="45183" status="PASS">
          <params>
            <param index="0">
              <value>
                <![CDATA[Chrome]]>
              </value>
            </param>
            <param index="1">
              <value>
                <![CDATA[https://www.flipkart.com/]]>
              </value>
            </param>
          </params>
          <reporter-output>
          </reporter-output>
        </test-method> <!-- setUp -->
        <test-method signature="Search(java.lang.String,java.lang.String)[pri:0, instance:com.qa.testscripts.TC_Flipkartsearch@13e39c73]" started-at="2022-12-08T12:41:36 IST" name="Search" finished-at="2022-12-08T12:41:44 IST" duration-ms="8404" status="PASS">
          <params>
            <param index="0">
              <value>
                <![CDATA[Chrome]]>
              </value>
            </param>
            <param index="1">
              <value>
                <![CDATA[https://www.flipkart.com/]]>
              </value>
            </param>
          </params>
          <reporter-output>
          </reporter-output>
        </test-method> <!-- Search -->
        <test-method is-config="true" signature="tearDown()[pri:0, instance:com.qa.testscripts.TC_Flipkartsearch@13e39c73]" started-at="2022-12-08T12:41:44 IST" name="tearDown" finished-at="2022-12-08T12:41:45 IST" duration-ms="307" status="PASS">
          <reporter-output>
          </reporter-output>
        </test-method> <!-- tearDown -->
      </class> <!-- com.qa.testscripts.TC_Flipkartsearch -->
    </test> <!-- Test Chrome -->
    <test started-at="2022-12-08T12:41:45 IST" name="Test Firefox" finished-at="2022-12-08T12:43:19 IST" duration-ms="94077">
      <class name="com.qa.testscripts.TC_Flipkartsearch">
        <test-method is-config="true" signature="setUp(java.lang.String,java.lang.String)[pri:0, instance:com.qa.testscripts.TC_Flipkartsearch@188715b5]" started-at="2022-12-08T12:41:45 IST" name="setUp" finished-at="2022-12-08T12:43:09 IST" duration-ms="84615" status="PASS">
          <params>
            <param index="0">
              <value>
                <![CDATA[Firefox]]>
              </value>
            </param>
            <param index="1">
              <value>
                <![CDATA[https://www.flipkart.com/]]>
              </value>
            </param>
          </params>
          <reporter-output>
          </reporter-output>
        </test-method> <!-- setUp -->
        <test-method signature="Search(java.lang.String,java.lang.String)[pri:0, instance:com.qa.testscripts.TC_Flipkartsearch@188715b5]" started-at="2022-12-08T12:43:09 IST" name="Search" finished-at="2022-12-08T12:43:18 IST" duration-ms="8458" status="PASS">
          <params>
            <param index="0">
              <value>
                <![CDATA[Firefox]]>
              </value>
            </param>
            <param index="1">
              <value>
                <![CDATA[https://www.flipkart.com/]]>
              </value>
            </param>
          </params>
          <reporter-output>
          </reporter-output>
        </test-method> <!-- Search -->
        <test-method is-config="true" signature="tearDown()[pri:0, instance:com.qa.testscripts.TC_Flipkartsearch@188715b5]" started-at="2022-12-08T12:43:18 IST" name="tearDown" finished-at="2022-12-08T12:43:19 IST" duration-ms="996" status="PASS">
          <reporter-output>
          </reporter-output>
        </test-method> <!-- tearDown -->
      </class> <!-- com.qa.testscripts.TC_Flipkartsearch -->
    </test> <!-- Test Firefox -->
  </suite> <!-- Suite -->
</testng-results>
