<?xml version="1.0" encoding="UTF-8"?>
<testng-results ignored="0" total="1" passed="1" failed="0" skipped="0">
  <reporter-output>
  </reporter-output>
  <suite started-at="2022-12-03T18:27:44 IST" name="Suite" finished-at="2022-12-03T18:28:15 IST" duration-ms="30402">
    <groups>
    </groups>
    <test started-at="2022-12-03T18:27:44 IST" name="Test Chrome" finished-at="2022-12-03T18:28:15 IST" duration-ms="30402">
      <class name="com.qa.testscripts.TC_Mercurysearch">
        <test-method is-config="true" signature="setUp(java.lang.String,java.lang.String)[pri:0, instance:com.qa.testscripts.TC_Mercurysearch@13e39c73]" started-at="2022-12-03T18:27:44 IST" name="setUp" finished-at="2022-12-03T18:28:02 IST" duration-ms="17968" status="PASS">
          <params>
            <param index="0">
              <value>
                <![CDATA[Chrome]]>
              </value>
            </param>
            <param index="1">
              <value>
                <![CDATA[https://demo.guru99.com/test/newtours/]]>
              </value>
            </param>
          </params>
          <reporter-output>
          </reporter-output>
        </test-method> <!-- setUp -->
        <test-method signature="Search(java.lang.String,java.lang.String)[pri:0, instance:com.qa.testscripts.TC_Mercurysearch@13e39c73]" started-at="2022-12-03T18:28:02 IST" name="Search" finished-at="2022-12-03T18:28:14 IST" duration-ms="12096" status="PASS">
          <params>
            <param index="0">
              <value>
                <![CDATA[Chrome]]>
              </value>
            </param>
            <param index="1">
              <value>
                <![CDATA[https://demo.guru99.com/test/newtours/]]>
              </value>
            </param>
          </params>
          <reporter-output>
          </reporter-output>
        </test-method> <!-- Search -->
        <test-method is-config="true" signature="tearDown()[pri:0, instance:com.qa.testscripts.TC_Mercurysearch@13e39c73]" started-at="2022-12-03T18:28:14 IST" name="tearDown" finished-at="2022-12-03T18:28:15 IST" duration-ms="300" status="PASS">
          <reporter-output>
          </reporter-output>
        </test-method> <!-- tearDown -->
      </class> <!-- com.qa.testscripts.TC_Mercurysearch -->
    </test> <!-- Test Chrome -->
  </suite> <!-- Suite -->
</testng-results>
