<?xml version="1.0" encoding="UTF-8"?>
<!-- Generated by org.testng.reporters.JUnitXMLReporter -->
<testsuite ignored="0" hostname="LAPTOP-7PO6J8JI" failures="0" tests="4" name="Test edge" time="22.901" errors="0" timestamp="2022-12-09T10:30:30 IST">
  <testcase classname="com.qa.testscripts.TC_AmazonSearch_001" name="Search" time="2.45"/>
  <testcase classname="com.qa.testscripts.TC_AmazonSearch_001" name="Search" time="2.679"/>
  <testcase classname="com.qa.testscripts.TC_AmazonSearch_001" name="Search" time="3.092"/>
  <testcase classname="com.qa.testscripts.TC_AmazonSearch_001" name="Search" time="2.401"/>
</testsuite> <!-- Test edge -->
