<?xml version="1.0" encoding="UTF-8"?>
<!-- Generated by org.testng.reporters.JUnitXMLReporter -->
<testsuite ignored="0" hostname="LAPTOP-7PO6J8JI" failures="0" tests="4" name="Test chrome" time="24.488" errors="0" timestamp="2022-12-09T10:30:54 IST">
  <testcase classname="com.qa.testscripts.TC_AmazonSearch_001" name="Search" time="2.568"/>
  <testcase classname="com.qa.testscripts.TC_AmazonSearch_001" name="Search" time="3.663"/>
  <testcase classname="com.qa.testscripts.TC_AmazonSearch_001" name="Search" time="7.236"/>
  <testcase classname="com.qa.testscripts.TC_AmazonSearch_001" name="Search" time="2.645"/>
</testsuite> <!-- Test chrome -->
