<?xml version="1.0" encoding="UTF-8"?>
<testng-results ignored="0" total="3" passed="3" failed="0" skipped="0">
  <reporter-output>
  </reporter-output>
  <suite started-at="2022-12-09T15:02:33 IST" name="Suite" finished-at="2022-12-09T15:03:10 IST" duration-ms="36580">
    <groups>
    </groups>
    <test started-at="2022-12-09T15:02:33 IST" name="Test Chrome" finished-at="2022-12-09T15:02:45 IST" duration-ms="12025">
      <class name="com.qa.testscripts.TC_GoogleSearch">
        <test-method signature="SearchGoogle()[pri:0, instance:com.qa.testscripts.TC_GoogleSearch@78e117e3]" started-at="2022-12-09T15:02:34 IST" name="SearchGoogle" finished-at="2022-12-09T15:02:45 IST" duration-ms="11955" status="PASS">
          <reporter-output>
          </reporter-output>
        </test-method> <!-- SearchGoogle -->
      </class> <!-- com.qa.testscripts.TC_GoogleSearch -->
    </test> <!-- Test Chrome -->
    <test started-at="2022-12-09T15:02:46 IST" name="Test firefox" finished-at="2022-12-09T15:02:57 IST" duration-ms="11679">
      <class name="com.qa.testscripts.TC_GoogleSearch">
        <test-method signature="SearchGoogle()[pri:0, instance:com.qa.testscripts.TC_GoogleSearch@41e36e46]" started-at="2022-12-09T15:02:46 IST" name="SearchGoogle" finished-at="2022-12-09T15:02:57 IST" duration-ms="11674" status="PASS">
          <reporter-output>
          </reporter-output>
        </test-method> <!-- SearchGoogle -->
      </class> <!-- com.qa.testscripts.TC_GoogleSearch -->
    </test> <!-- Test firefox -->
    <test started-at="2022-12-09T15:02:57 IST" name="Test Edge" finished-at="2022-12-09T15:03:10 IST" duration-ms="12820">
      <class name="com.qa.testscripts.TC_GoogleSearch">
        <test-method signature="SearchGoogle()[pri:0, instance:com.qa.testscripts.TC_GoogleSearch@2145b572]" started-at="2022-12-09T15:02:57 IST" name="SearchGoogle" finished-at="2022-12-09T15:03:10 IST" duration-ms="12814" status="PASS">
          <reporter-output>
          </reporter-output>
        </test-method> <!-- SearchGoogle -->
      </class> <!-- com.qa.testscripts.TC_GoogleSearch -->
    </test> <!-- Test Edge -->
  </suite> <!-- Suite -->
</testng-results>
