<?xml version="1.0" encoding="UTF-8"?>
<!-- Generated by org.testng.reporters.JUnitXMLReporter -->
<testsuite ignored="0" hostname="LAPTOP-7PO6J8JI" failures="0" tests="1" name="Test Edge" time="0.031" errors="0" timestamp="2022-12-10T10:47:35 IST">
  <testcase classname="com.qa.testscripts.TestBase" name="@BeforeClass setUp" time="0.0">
    <failure type="java.lang.NullPointerException" message="Cannot invoke &amp;quot;org.openqa.selenium.WebDriver.manage()&amp;quot; because &amp;quot;this.Driver&amp;quot; is null">
      <![CDATA[java.lang.NullPointerException: Cannot invoke "org.openqa.selenium.WebDriver.manage()" because "this.Driver" is null
at com.qa.testscripts.TestBase.setUp(TestBase.java:39)
at java.base/java.util.concurrent.ThreadPoolExecutor.runWorker(ThreadPoolExecutor.java:1130)
at java.base/java.util.concurrent.ThreadPoolExecutor$Worker.run(ThreadPoolExecutor.java:630)
at java.base/java.lang.Thread.run(Thread.java:831)
... Removed 10 stack frames]]>
    </failure>
  </testcase> <!-- @BeforeClass setUp -->
  <testcase classname="com.qa.testscripts.TestBase" name="@AfterClass TearDown" time="-1.670649455371E9">
    <skipped/>
  </testcase> <!-- @AfterClass TearDown -->
  <testcase classname="com.qa.testscripts.TC_Learn" name="Search" time="0.0">
    <skipped/>
  </testcase> <!-- Search -->
</testsuite> <!-- Test Edge -->
