<?xml version="1.0" encoding="UTF-8"?>
<testng-results ignored="0" total="8" passed="8" failed="0" skipped="0">
  <reporter-output>
  </reporter-output>
  <suite started-at="2022-12-09T10:30:07 IST" name="Suite" finished-at="2022-12-09T10:30:54 IST" duration-ms="47446">
    <groups>
    </groups>
    <test started-at="2022-12-09T10:30:07 IST" name="Test edge" finished-at="2022-12-09T10:30:30 IST" duration-ms="22901">
      <class name="com.qa.testscripts.TC_AmazonSearch_001">
        <test-method is-config="true" signature="setUp(java.lang.String,java.lang.String)[pri:0, instance:com.qa.testscripts.TC_AmazonSearch_001@5af3afd9]" started-at="2022-12-09T10:30:07 IST" name="setUp" finished-at="2022-12-09T10:30:17 IST" duration-ms="10079" status="PASS">
          <params>
            <param index="0">
              <value>
                <![CDATA[edge]]>
              </value>
            </param>
            <param index="1">
              <value>
                <![CDATA[http://www.amazon.in/]]>
              </value>
            </param>
          </params>
          <reporter-output>
          </reporter-output>
        </test-method> <!-- setUp -->
        <test-method signature="Search(java.lang.String,java.lang.String)[pri:0, instance:com.qa.testscripts.TC_AmazonSearch_001@5af3afd9]" started-at="2022-12-09T10:30:19 IST" name="Search" data-provider="Data" finished-at="2022-12-09T10:30:21 IST" duration-ms="2450" status="PASS">
          <params>
            <param index="0">
              <value>
                <![CDATA[Electronics]]>
              </value>
            </param>
            <param index="1">
              <value>
                <![CDATA[samsung]]>
              </value>
            </param>
          </params>
          <reporter-output>
          </reporter-output>
        </test-method> <!-- Search -->
        <test-method signature="Search(java.lang.String,java.lang.String)[pri:0, instance:com.qa.testscripts.TC_AmazonSearch_001@5af3afd9]" started-at="2022-12-09T10:30:21 IST" name="Search" data-provider="Data" finished-at="2022-12-09T10:30:24 IST" duration-ms="2679" status="PASS">
          <params>
            <param index="0">
              <value>
                <![CDATA[Furniture]]>
              </value>
            </param>
            <param index="1">
              <value>
                <![CDATA[table]]>
              </value>
            </param>
          </params>
          <reporter-output>
          </reporter-output>
        </test-method> <!-- Search -->
        <test-method signature="Search(java.lang.String,java.lang.String)[pri:0, instance:com.qa.testscripts.TC_AmazonSearch_001@5af3afd9]" started-at="2022-12-09T10:30:24 IST" name="Search" data-provider="Data" finished-at="2022-12-09T10:30:27 IST" duration-ms="3092" status="PASS">
          <params>
            <param index="0">
              <value>
                <![CDATA[Beauty]]>
              </value>
            </param>
            <param index="1">
              <value>
                <![CDATA[kajal]]>
              </value>
            </param>
          </params>
          <reporter-output>
          </reporter-output>
        </test-method> <!-- Search -->
        <test-method signature="Search(java.lang.String,java.lang.String)[pri:0, instance:com.qa.testscripts.TC_AmazonSearch_001@5af3afd9]" started-at="2022-12-09T10:30:27 IST" name="Search" data-provider="Data" finished-at="2022-12-09T10:30:30 IST" duration-ms="2401" status="PASS">
          <params>
            <param index="0">
              <value>
                <![CDATA[Watches]]>
              </value>
            </param>
            <param index="1">
              <value>
                <![CDATA[titanic watch]]>
              </value>
            </param>
          </params>
          <reporter-output>
          </reporter-output>
        </test-method> <!-- Search -->
        <test-method is-config="true" signature="TearDown()[pri:0, instance:com.qa.testscripts.TC_AmazonSearch_001@5af3afd9]" started-at="2022-12-09T10:30:30 IST" name="TearDown" finished-at="2022-12-09T10:30:30 IST" duration-ms="305" status="PASS">
          <reporter-output>
          </reporter-output>
        </test-method> <!-- TearDown -->
      </class> <!-- com.qa.testscripts.TC_AmazonSearch_001 -->
    </test> <!-- Test edge -->
    <test started-at="2022-12-09T10:30:30 IST" name="Test chrome" finished-at="2022-12-09T10:30:54 IST" duration-ms="24488">
      <class name="com.qa.testscripts.TC_AmazonSearch_001">
        <test-method is-config="true" signature="setUp(java.lang.String,java.lang.String)[pri:0, instance:com.qa.testscripts.TC_AmazonSearch_001@10e31a9a]" started-at="2022-12-09T10:30:30 IST" name="setUp" finished-at="2022-12-09T10:30:37 IST" duration-ms="7387" status="PASS">
          <params>
            <param index="0">
              <value>
                <![CDATA[chrome]]>
              </value>
            </param>
            <param index="1">
              <value>
                <![CDATA[http://www.amazon.in/]]>
              </value>
            </param>
          </params>
          <reporter-output>
          </reporter-output>
        </test-method> <!-- setUp -->
        <test-method signature="Search(java.lang.String,java.lang.String)[pri:0, instance:com.qa.testscripts.TC_AmazonSearch_001@10e31a9a]" started-at="2022-12-09T10:30:38 IST" name="Search" data-provider="Data" finished-at="2022-12-09T10:30:40 IST" duration-ms="2568" status="PASS">
          <params>
            <param index="0">
              <value>
                <![CDATA[Electronics]]>
              </value>
            </param>
            <param index="1">
              <value>
                <![CDATA[samsung]]>
              </value>
            </param>
          </params>
          <reporter-output>
          </reporter-output>
        </test-method> <!-- Search -->
        <test-method signature="Search(java.lang.String,java.lang.String)[pri:0, instance:com.qa.testscripts.TC_AmazonSearch_001@10e31a9a]" started-at="2022-12-09T10:30:40 IST" name="Search" data-provider="Data" finished-at="2022-12-09T10:30:44 IST" duration-ms="3663" status="PASS">
          <params>
            <param index="0">
              <value>
                <![CDATA[Furniture]]>
              </value>
            </param>
            <param index="1">
              <value>
                <![CDATA[table]]>
              </value>
            </param>
          </params>
          <reporter-output>
          </reporter-output>
        </test-method> <!-- Search -->
        <test-method signature="Search(java.lang.String,java.lang.String)[pri:0, instance:com.qa.testscripts.TC_AmazonSearch_001@10e31a9a]" started-at="2022-12-09T10:30:44 IST" name="Search" data-provider="Data" finished-at="2022-12-09T10:30:51 IST" duration-ms="7236" status="PASS">
          <params>
            <param index="0">
              <value>
                <![CDATA[Beauty]]>
              </value>
            </param>
            <param index="1">
              <value>
                <![CDATA[kajal]]>
              </value>
            </param>
          </params>
          <reporter-output>
          </reporter-output>
        </test-method> <!-- Search -->
        <test-method signature="Search(java.lang.String,java.lang.String)[pri:0, instance:com.qa.testscripts.TC_AmazonSearch_001@10e31a9a]" started-at="2022-12-09T10:30:51 IST" name="Search" data-provider="Data" finished-at="2022-12-09T10:30:54 IST" duration-ms="2645" status="PASS">
          <params>
            <param index="0">
              <value>
                <![CDATA[Watches]]>
              </value>
            </param>
            <param index="1">
              <value>
                <![CDATA[titanic watch]]>
              </value>
            </param>
          </params>
          <reporter-output>
          </reporter-output>
        </test-method> <!-- Search -->
        <test-method is-config="true" signature="TearDown()[pri:0, instance:com.qa.testscripts.TC_AmazonSearch_001@10e31a9a]" started-at="2022-12-09T10:30:54 IST" name="TearDown" finished-at="2022-12-09T10:30:54 IST" duration-ms="602" status="PASS">
          <reporter-output>
          </reporter-output>
        </test-method> <!-- TearDown -->
      </class> <!-- com.qa.testscripts.TC_AmazonSearch_001 -->
    </test> <!-- Test chrome -->
  </suite> <!-- Suite -->
</testng-results>
